Nemeritz/android/app/build/outputs/logs/manifest-merger-release-report.txt
-- Merging decision tree log ---
manifest
ADDED from src\main\AndroidManifest.xml:1:1-40:12
INJECTED from src\main\AndroidManifest.xml:1:1-40:12
INJECTED from src\main\AndroidManifest.xml:1:1-40:12
INJECTED from src\main\AndroidManifest.xml:1:1-40:12
MERGED from [:sdk] AndroidManifest.xml:2:1-36:12
MERGED from [:react-native-background-timer] AndroidManifest.xml:2:1-11:12
MERGED from [:react-native-fetch-blob] AndroidManifest.xml:2:1-14:12
MERGED from [:react-native-immersive] AndroidManifest.xml:2:1-11:12
MERGED from [:react-native-keep-awake] AndroidManifest.xml:2:1-11:12
MERGED from [:react-native-locale-detector] AndroidManifest.xml:2:1-11:12
MERGED from [:react-native-sound] AndroidManifest.xml:2:1-13:12
MERGED from [:react-native-vector-icons] AndroidManifest.xml:2:1-11:12
MERGED from [:react-native-webrtc] AndroidManifest.xml:2:1-11:12
MERGED from [:react-native-calendar-events] AndroidManifest.xml:2:1-14:12
MERGED from [com.facebook.react:react-native:0.51.0] AndroidManifest.xml:2:1-15:12
MERGED from [com.android.support:appcompat-v7:27.0.2] AndroidManifest.xml:17:1-22:12
MERGED from [com.android.support:support-fragment:27.0.2] AndroidManifest.xml:17:1-22:12
MERGED from [com.android.support:support-core-utils:27.0.2] AndroidManifest.xml:17:1-22:12
MERGED from [com.android.support:animated-vector-drawable:27.0.2] AndroidManifest.xml:17:1-22:12
MERGED from [com.android.support:support-vector-drawable:27.0.2] AndroidManifest.xml:17:1-22:12
MERGED from [com.android.support:support-core-ui:27.0.2] AndroidManifest.xml:17:1-22:12
MERGED from [com.android.support:support-compat:27.0.2] AndroidManifest.xml:17:1-22:12
MERGED from [com.facebook.fbui.textlayoutbuilder:textlayoutbuilder:1.0.0] AndroidManifest.xml:10:1-18:12
MERGED from [com.facebook.fresco:fresco:1.3.0] AndroidManifest.xml:2:1-9:12
MERGED from [com.facebook.fresco:imagepipeline-okhttp3:1.3.0] AndroidManifest.xml:2:1-9:12
MERGED from [com.facebook.soloader:soloader:0.1.0] AndroidManifest.xml:1:1-4:12
MERGED from [org.webkit:android-jsc:r174650] AndroidManifest.xml:1:1-3:12
MERGED from [com.facebook.fresco:drawee:1.3.0] AndroidManifest.xml:2:1-9:12
MERGED from [com.facebook.fresco:imagepipeline:1.3.0] AndroidManifest.xml:2:1-9:12
MERGED from [com.facebook.fresco:imagepipeline-base:1.3.0] AndroidManifest.xml:2:1-9:12
MERGED from [com.facebook.fresco:fbcore:1.3.0] AndroidManifest.xml:2:1-9:12
MERGED from [android.arch.lifecycle:runtime:1.0.3] AndroidManifest.xml:17:1-24:12
INJECTED from src\main\AndroidManifest.xml:1:1-40:12
INJECTED from src\main\AndroidManifest.xml:1:1-40:12
INJECTED from src\main\AndroidManifest.xml:1:1-40:12
	package
		ADDED from src\main\AndroidManifest.xml:3:5-29
		INJECTED from src\main\AndroidManifest.xml
		INJECTED from src\main\AndroidManifest.xml
	android:versionName
		INJECTED from src\main\AndroidManifest.xml
		ADDED from src\main\AndroidManifest.xml:1:1-40:12
		INJECTED from src\main\AndroidManifest.xml
	android:versionCode
		INJECTED from src\main\AndroidManifest.xml
		ADDED from src\main\AndroidManifest.xml:1:1-40:12
		INJECTED from src\main\AndroidManifest.xml
	xmlns:android
		ADDED from src\main\AndroidManifest.xml:2:5-63
application
ADDED from src\main\AndroidManifest.xml:4:3-39:17
MERGED from [:sdk] AndroidManifest.xml:29:5-34:19
MERGED from [:sdk] AndroidManifest.xml:29:5-34:19
MERGED from [:react-native-fetch-blob] AndroidManifest.xml:11:5-12:19
MERGED from [:react-native-fetch-blob] AndroidManifest.xml:11:5-12:19
MERGED from [com.facebook.react:react-native:0.51.0] AndroidManifest.xml:13:5-20
MERGED from [com.facebook.react:react-native:0.51.0] AndroidManifest.xml:13:5-20
MERGED from [com.facebook.soloader:soloader:0.1.0] AndroidManifest.xml:3:3-17
MERGED from [com.facebook.soloader:soloader:0.1.0] AndroidManifest.xml:3:3-17
MERGED from [org.webkit:android-jsc:r174650] AndroidManifest.xml:2:3-17
MERGED from [org.webkit:android-jsc:r174650] AndroidManifest.xml:2:3-17
	android:supportsRtl
		ADDED from [:sdk] AndroidManifest.xml:32:9-35
	android:label
		ADDED from src\main\AndroidManifest.xml:7:7-39
	android:icon
		ADDED from src\main\AndroidManifest.xml:6:7-41
	android:allowBackup
		ADDED from src\main\AndroidManifest.xml:5:7-33
	android:theme
		ADDED from src\main\AndroidManifest.xml:8:7-38
activity#org.jitsi.meet.MainActivity
ADDED from src\main\AndroidManifest.xml:9:5-38:16
	android:label
		ADDED from src\main\AndroidManifest.xml:11:9-41
	android:launchMode
		ADDED from src\main\AndroidManifest.xml:12:9-40
	android:windowSoftInputMode
		ADDED from src\main\AndroidManifest.xml:16:9-51
	android:supportsPictureInPicture
		ADDED from src\main\AndroidManifest.xml:15:9-48
	android:resizeableActivity
		ADDED from src\main\AndroidManifest.xml:14:9-42
	android:configChanges
		ADDED from src\main\AndroidManifest.xml:10:9-111
	android:name
		ADDED from src\main\AndroidManifest.xml:13:9-37
intent-filter#android.intent.action.MAIN+android.intent.category.LAUNCHER
ADDED from src\main\AndroidManifest.xml:17:7-20:23
action#android.intent.action.MAIN
ADDED from src\main\AndroidManifest.xml:18:9-61
	android:name
		ADDED from src\main\AndroidManifest.xml:18:17-58
category#android.intent.category.LAUNCHER
ADDED from src\main\AndroidManifest.xml:19:9-69
	android:name
		ADDED from src\main\AndroidManifest.xml:19:19-66
intent-filter#android.intent.action.VIEW+android.intent.category.BROWSABLE+android.intent.category.DEFAULT
ADDED from src\main\AndroidManifest.xml:21:7-31:23
action#android.intent.action.VIEW
ADDED from src\main\AndroidManifest.xml:22:9-61
	android:name
		ADDED from src\main\AndroidManifest.xml:22:17-58
category#android.intent.category.BROWSABLE
ADDED from src\main\AndroidManifest.xml:23:9-70
	android:name
		ADDED from src\main\AndroidManifest.xml:23:19-67
category#android.intent.category.DEFAULT
ADDED from src\main\AndroidManifest.xml:24:9-68
	android:name
		ADDED from src\main\AndroidManifest.xml:24:19-65
data
ADDED from src\main\AndroidManifest.xml:25:9-71
	android:host
		ADDED from src\main\AndroidManifest.xml:25:15-45
	android:scheme
		ADDED from src\main\AndroidManifest.xml:25:46-68
uses-sdk
INJECTED from src\main\AndroidManifest.xml reason: use-sdk injection requested
INJECTED from src\main\AndroidManifest.xml
INJECTED from src\main\AndroidManifest.xml
MERGED from [:sdk] AndroidManifest.xml:5:5-7:41
MERGED from [:sdk] AndroidManifest.xml:5:5-7:41
MERGED from [:react-native-background-timer] AndroidManifest.xml:7:5-9:41
MERGED from [:react-native-background-timer] AndroidManifest.xml:7:5-9:41
MERGED from [:react-native-fetch-blob] AndroidManifest.xml:7:5-9:41
MERGED from [:react-native-fetch-blob] AndroidManifest.xml:7:5-9:41
MERGED from [:react-native-immersive] AndroidManifest.xml:7:5-9:41
MERGED from [:react-native-immersive] AndroidManifest.xml:7:5-9:41
MERGED from [:react-native-keep-awake] AndroidManifest.xml:7:5-9:41
MERGED from [:react-native-keep-awake] AndroidManifest.xml:7:5-9:41
MERGED from [:react-native-locale-detector] AndroidManifest.xml:7:5-9:41
MERGED from [:react-native-locale-detector] AndroidManifest.xml:7:5-9:41
MERGED from [:react-native-sound] AndroidManifest.xml:9:5-11:41
MERGED from [:react-native-sound] AndroidManifest.xml:9:5-11:41
MERGED from [:react-native-vector-icons] AndroidManifest.xml:7:5-9:41
MERGED from [:react-native-vector-icons] AndroidManifest.xml:7:5-9:41
MERGED from [:react-native-webrtc] AndroidManifest.xml:7:5-9:41
MERGED from [:react-native-webrtc] AndroidManifest.xml:7:5-9:41
MERGED from [:react-native-calendar-events] AndroidManifest.xml:7:5-9:41
MERGED from [:react-native-calendar-events] AndroidManifest.xml:7:5-9:41
MERGED from [com.facebook.react:react-native:0.51.0] AndroidManifest.xml:7:5-9:41
MERGED from [com.facebook.react:react-native:0.51.0] AndroidManifest.xml:7:5-9:41
MERGED from [com.android.support:appcompat-v7:27.0.2] AndroidManifest.xml:20:5-44
MERGED from [com.android.support:appcompat-v7:27.0.2] AndroidManifest.xml:20:5-44
MERGED from [com.android.support:support-fragment:27.0.2] AndroidManifest.xml:20:5-44
MERGED from [com.android.support:support-fragment:27.0.2] AndroidManifest.xml:20:5-44
MERGED from [com.android.support:support-core-utils:27.0.2] AndroidManifest.xml:20:5-44
MERGED from [com.android.support:support-core-utils:27.0.2] AndroidManifest.xml:20:5-44
MERGED from [com.android.support:animated-vector-drawable:27.0.2] AndroidManifest.xml:20:5-44
MERGED from [com.android.support:animated-vector-drawable:27.0.2] AndroidManifest.xml:20:5-44
MERGED from [com.android.support:support-vector-drawable:27.0.2] AndroidManifest.xml:20:5-44
MERGED from [com.android.support:support-vector-drawable:27.0.2] AndroidManifest.xml:20:5-44
MERGED from [com.android.support:support-core-ui:27.0.2] AndroidManifest.xml:20:5-44
MERGED from [com.android.support:support-core-ui:27.0.2] AndroidManifest.xml:20:5-44
MERGED from [com.android.support:support-compat:27.0.2] AndroidManifest.xml:20:5-44
MERGED from [com.android.support:support-compat:27.0.2] AndroidManifest.xml:20:5-44
MERGED from [com.facebook.fbui.textlayoutbuilder:textlayoutbuilder:1.0.0] AndroidManifest.xml:14:5-16:41
MERGED from [com.facebook.fbui.textlayoutbuilder:textlayoutbuilder:1.0.0] AndroidManifest.xml:14:5-16:41
MERGED from [com.facebook.fresco:fresco:1.3.0] AndroidManifest.xml:5:5-7:41
MERGED from [com.facebook.fresco:fresco:1.3.0] AndroidManifest.xml:5:5-7:41
MERGED from [com.facebook.fresco:imagepipeline-okhttp3:1.3.0] AndroidManifest.xml:5:5-7:41
MERGED from [com.facebook.fresco:imagepipeline-okhttp3:1.3.0] AndroidManifest.xml:5:5-7:41
MERGED from [com.facebook.soloader:soloader:0.1.0] AndroidManifest.xml:2:3-70
MERGED from [com.facebook.soloader:soloader:0.1.0] AndroidManifest.xml:2:3-70
MERGED from [com.facebook.fresco:drawee:1.3.0] AndroidManifest.xml:5:5-7:41
MERGED from [com.facebook.fresco:drawee:1.3.0] AndroidManifest.xml:5:5-7:41
MERGED from [com.facebook.fresco:imagepipeline:1.3.0] AndroidManifest.xml:5:5-7:41
MERGED from [com.facebook.fresco:imagepipeline:1.3.0] AndroidManifest.xml:5:5-7:41
MERGED from [com.facebook.fresco:imagepipeline-base:1.3.0] AndroidManifest.xml:5:5-7:41
MERGED from [com.facebook.fresco:imagepipeline-base:1.3.0] AndroidManifest.xml:5:5-7:41
MERGED from [com.facebook.fresco:fbcore:1.3.0] AndroidManifest.xml:5:5-7:41
MERGED from [com.facebook.fresco:fbcore:1.3.0] AndroidManifest.xml:5:5-7:41
MERGED from [android.arch.lifecycle:runtime:1.0.3] AndroidManifest.xml:20:5-22:41
MERGED from [android.arch.lifecycle:runtime:1.0.3] AndroidManifest.xml:20:5-22:41
INJECTED from src\main\AndroidManifest.xml
INJECTED from src\main\AndroidManifest.xml
	android:targetSdkVersion
		INJECTED from src\main\AndroidManifest.xml
		ADDED from src\main\AndroidManifest.xml
		INJECTED from src\main\AndroidManifest.xml
	android:minSdkVersion
		INJECTED from src\main\AndroidManifest.xml
		ADDED from src\main\AndroidManifest.xml
		INJECTED from src\main\AndroidManifest.xml
uses-permission#android.permission.ACCESS_NETWORK_STATE
ADDED from [:sdk] AndroidManifest.xml:9:5-79
	android:name
		ADDED from [:sdk] AndroidManifest.xml:9:22-76
uses-permission#android.permission.BLUETOOTH
ADDED from [:sdk] AndroidManifest.xml:10:5-68
	android:name
		ADDED from [:sdk] AndroidManifest.xml:10:22-65
uses-permission#android.permission.CAMERA
ADDED from [:sdk] AndroidManifest.xml:11:5-65
	android:name
		ADDED from [:sdk] AndroidManifest.xml:11:22-62
uses-permission#android.permission.INTERNET
ADDED from [:sdk] AndroidManifest.xml:12:5-67
	android:name
		ADDED from [:sdk] AndroidManifest.xml:12:22-64
uses-permission#android.permission.MODIFY_AUDIO_SETTINGS
ADDED from [:sdk] AndroidManifest.xml:13:5-80
	android:name
		ADDED from [:sdk] AndroidManifest.xml:13:22-77
uses-permission#android.permission.RECORD_AUDIO
ADDED from [:sdk] AndroidManifest.xml:14:5-71
	android:name
		ADDED from [:sdk] AndroidManifest.xml:14:22-68
uses-permission#android.permission.SYSTEM_ALERT_WINDOW
ADDED from [:sdk] AndroidManifest.xml:15:5-78
MERGED from [com.facebook.react:react-native:0.51.0] AndroidManifest.xml:11:5-78
MERGED from [com.facebook.react:react-native:0.51.0] AndroidManifest.xml:11:5-78
	android:name
		ADDED from [:sdk] AndroidManifest.xml:15:22-75
uses-permission#android.permission.WAKE_LOCK
ADDED from [:sdk] AndroidManifest.xml:16:5-68
	android:name
		ADDED from [:sdk] AndroidManifest.xml:16:22-65
uses-permission#android.permission.ACCESS_WIFI_STATE
ADDED from [:sdk] AndroidManifest.xml:17:5-76
	android:name
		ADDED from [:sdk] AndroidManifest.xml:17:22-73
uses-feature#0x00020000
ADDED from [:sdk] AndroidManifest.xml:19:5-21:35
	android:glEsVersion
		ADDED from [:sdk] AndroidManifest.xml:20:9-41
	android:required
		ADDED from [:sdk] AndroidManifest.xml:21:9-32
uses-feature#android.hardware.camera
ADDED from [:sdk] AndroidManifest.xml:22:5-24:36
	android:required
		ADDED from [:sdk] AndroidManifest.xml:24:9-33
	android:name
		ADDED from [:sdk] AndroidManifest.xml:23:9-47
uses-feature#android.hardware.camera.autofocus
ADDED from [:sdk] AndroidManifest.xml:25:5-27:36
	android:required
		ADDED from [:sdk] AndroidManifest.xml:27:9-33
	android:name
		ADDED from [:sdk] AndroidManifest.xml:26:9-57
activity#com.facebook.react.devsupport.DevSettingsActivity
ADDED from [:sdk] AndroidManifest.xml:33:9-86
	android:name
		ADDED from [:sdk] AndroidManifest.xml:33:19-83
uses-permission#android.permission.WRITE_CALENDAR
ADDED from [:react-native-calendar-events] AndroidManifest.xml:11:5-73
	android:name
		ADDED from [:react-native-calendar-events] AndroidManifest.xml:11:22-70
uses-permission#android.permission.READ_CALENDAR
ADDED from [:react-native-calendar-events] AndroidManifest.xml:12:5-72
	android:name
		ADDED from [:react-native-calendar-events] AndroidManifest.xml:12:22-69
uses-permission#android.permission.WRITE_EXTERNAL_STORAGE
IMPLIED from src\main\AndroidManifest.xml:1:1-40:12 reason: org.webkit.android_jsc has a targetSdkVersion < 4
uses-permission#android.permission.READ_PHONE_STATE
IMPLIED from src\main\AndroidManifest.xml:1:1-40:12 reason: org.webkit.android_jsc has a targetSdkVersion < 4
uses-permission#android.permission.READ_EXTERNAL_STORAGE
IMPLIED from src\main\AndroidManifest.xml:1:1-40:12 reason: org.webkit.android_jsc requested WRITE_EXTERNAL_STORAGE